
                         MODELLER 10.4, 2022/10/28, r12463

     PROTEIN STRUCTURE MODELLING BY SATISFACTION OF SPATIAL RESTRAINTS


                     Copyright(c) 1989-2022 Andrej Sali
                            All Rights Reserved

                             Written by A. Sali
                               with help from
              B. Webb, M.S. Madhusudhan, M-Y. Shen, G.Q. Dong,
          M.A. Marti-Renom, N. Eswar, F. Alber, M. Topf, B. Oliva,
             A. Fiser, R. Sanchez, B. Yerkovich, A. Badretdinov,
                     F. Melo, J.P. Overington, E. Feyfant
                 University of California, San Francisco, USA
                    Rockefeller University, New York, USA
                      Harvard University, Cambridge, USA
                   Imperial Cancer Research Fund, London, UK
              Birkbeck College, University of London, London, UK


Kind, OS, HostName, Kernel, Processor: 4, Darwin Aryans-MacBook-Pro.local 22.4.0 arm64
Date and time of compilation         : 2022/10/28 13:23:21
MODELLER executable type             : mac12arm64-gnu
Job starting time (YY/MM/DD HH:MM:SS): 2023/05/06 23:28:53

openf___224_> Open           $(LIB)/restyp.lib
openf___224_> Open           ${MODINSTALL10v4}/modlib/resgrp.lib
rdresgr_266_> Number of residue groups:        2
openf___224_> Open           ${MODINSTALL10v4}/modlib/sstruc.lib

Dynamically allocated memory at   amaxlibraries [B,KiB,MiB]:       191566     187.076     0.183

Dynamically allocated memory at   amaxlibraries [B,KiB,MiB]:       192094     187.592     0.183
openf___224_> Open           ${MODINSTALL10v4}/modlib/resdih.lib

Dynamically allocated memory at   amaxlibraries [B,KiB,MiB]:       240694     235.053     0.230
rdrdih__263_> Number of dihedral angle types         :        9
              Maximal number of dihedral angle optima:        3
              Dihedral angle names                   :  Alph Phi Psi Omeg chi1 chi2 chi3 chi4 chi5
openf___224_> Open           ${MODINSTALL10v4}/modlib/radii.lib

Dynamically allocated memory at   amaxlibraries [B,KiB,MiB]:       253994     248.041     0.242
openf___224_> Open           ${MODINSTALL10v4}/modlib/af_mnchdef.lib
rdwilmo_274_> Mainchain residue conformation classes:  APBLE
openf___224_> Open           ${MODINSTALL10v4}/modlib/mnch.lib
rdclass_257_> Number of classes:        5
openf___224_> Open           ${MODINSTALL10v4}/modlib/mnch1.lib
openf___224_> Open           ${MODINSTALL10v4}/modlib/mnch2.lib
openf___224_> Open           ${MODINSTALL10v4}/modlib/mnch3.lib
openf___224_> Open           ${MODINSTALL10v4}/modlib/xs4.mat
rdrrwgh_268_> Number of residue types:       21
openf___224_> Open           $(LIB)/top_heav.lib
read_to_681_> topology.submodel read from topology file:        3
openf___224_> Open           $(LIB)/par.lib

Dynamically allocated memory at  amaxparameters [B,KiB,MiB]:       393438     384.217     0.375

Dynamically allocated memory at  amaxparameters [B,KiB,MiB]:       395038     385.779     0.377

Dynamically allocated memory at  amaxparameters [B,KiB,MiB]:       399018     389.666     0.381

Dynamically allocated memory at  amaxparameters [B,KiB,MiB]:       401018     391.619     0.382

Dynamically allocated memory at  amaxparameters [B,KiB,MiB]:       404018     394.549     0.385

Dynamically allocated memory at  amaxparameters [B,KiB,MiB]:       408518     398.943     0.390

Dynamically allocated memory at  amaxparameters [B,KiB,MiB]:       414090     404.385     0.395

Dynamically allocated memory at  amaxparameters [B,KiB,MiB]:       416890     407.119     0.398

Dynamically allocated memory at  amaxparameters [B,KiB,MiB]:       421090     411.221     0.402

Dynamically allocated memory at  amaxparameters [B,KiB,MiB]:       427390     417.373     0.408

Dynamically allocated memory at  amaxparameters [B,KiB,MiB]:       430162     420.080     0.410

Dynamically allocated memory at  amaxparameters [B,KiB,MiB]:       431562     421.447     0.412
read_pa_232_> parameters    BONDS   ANGLS  DIHEDS IMPROPS    MODE
                              227     561     661     112       0
openf___224_> Open           1YES.B99990001.pdb

Dynamically allocated memory at amaxcoordinates [B,KiB,MiB]:       442599     432.226     0.422

Dynamically allocated memory at    amaxsequence [B,KiB,MiB]:       442675     432.300     0.422

Dynamically allocated memory at amaxcoordinates [B,KiB,MiB]:       442846     432.467     0.422

Dynamically allocated memory at amaxcoordinates [B,KiB,MiB]:       443696     433.297     0.423

Dynamically allocated memory at amaxcoordinates [B,KiB,MiB]:       444954     434.525     0.424

Dynamically allocated memory at amaxcoordinates [B,KiB,MiB]:       446858     436.385     0.426

Dynamically allocated memory at amaxcoordinates [B,KiB,MiB]:       449714     439.174     0.429

Dynamically allocated memory at    amaxsequence [B,KiB,MiB]:       449754     439.213     0.429

Dynamically allocated memory at amaxcoordinates [B,KiB,MiB]:       449844     439.301     0.429

Dynamically allocated memory at amaxcoordinates [B,KiB,MiB]:       454128     443.484     0.433

Dynamically allocated memory at    amaxsequence [B,KiB,MiB]:       454188     443.543     0.433

Dynamically allocated memory at amaxcoordinates [B,KiB,MiB]:       454323     443.675     0.433

Dynamically allocated memory at amaxcoordinates [B,KiB,MiB]:       460749     449.950     0.439

Dynamically allocated memory at    amaxsequence [B,KiB,MiB]:       460837     450.036     0.439

Dynamically allocated memory at amaxcoordinates [B,KiB,MiB]:       461035     450.229     0.440

Dynamically allocated memory at    amaxsequence [B,KiB,MiB]:       461167     450.358     0.440

Dynamically allocated memory at amaxcoordinates [B,KiB,MiB]:       461464     450.648     0.440

Dynamically allocated memory at amaxcoordinates [B,KiB,MiB]:       471086     460.045     0.449

Dynamically allocated memory at    amaxsequence [B,KiB,MiB]:       471286     460.240     0.449

Dynamically allocated memory at amaxcoordinates [B,KiB,MiB]:       471736     460.680     0.450

Dynamically allocated memory at amaxcoordinates [B,KiB,MiB]:       486186     474.791     0.464

Dynamically allocated memory at    amaxsequence [B,KiB,MiB]:       486486     475.084     0.464

Dynamically allocated memory at amaxcoordinates [B,KiB,MiB]:       487161     475.743     0.465

Dynamically allocated memory at amaxcoordinates [B,KiB,MiB]:       508819     496.894     0.485

Dynamically allocated memory at    amaxsequence [B,KiB,MiB]:       509267     497.331     0.486

Dynamically allocated memory at amaxcoordinates [B,KiB,MiB]:       510275     498.315     0.487

Dynamically allocated memory at amaxcoordinates [B,KiB,MiB]:       542779     530.058     0.518

Dynamically allocated memory at    amaxsequence [B,KiB,MiB]:       543451     530.714     0.518

Dynamically allocated memory at amaxcoordinates [B,KiB,MiB]:       544963     532.190     0.520

Dynamically allocated memory at amaxcoordinates [B,KiB,MiB]:       593719     579.804     0.566

Dynamically allocated memory at    amaxsequence [B,KiB,MiB]:       594727     580.788     0.567

Dynamically allocated memory at amaxcoordinates [B,KiB,MiB]:       596995     583.003     0.569

Dynamically allocated memory at amaxcoordinates [B,KiB,MiB]:       670129     654.423     0.639

Dynamically allocated memory at    amaxsequence [B,KiB,MiB]:       671641     655.899     0.641

Dynamically allocated memory at amaxcoordinates [B,KiB,MiB]:       675043     659.222     0.644

Dynamically allocated memory at amaxcoordinates [B,KiB,MiB]:       784727     766.335     0.748

Dynamically allocated memory at    amaxsequence [B,KiB,MiB]:       786995     768.550     0.751

Dynamically allocated memory at amaxcoordinates [B,KiB,MiB]:       792098     773.533     0.755

Dynamically allocated memory at amaxcoordinates [B,KiB,MiB]:       956624     934.203     0.912

Dynamically allocated memory at    amaxsequence [B,KiB,MiB]:       960028     937.527     0.916

Dynamically allocated memory at amaxcoordinates [B,KiB,MiB]:       967687     945.007     0.923

Dynamically allocated memory at amaxcoordinates [B,KiB,MiB]:      1214493    1186.028     1.158

Dynamically allocated memory at       amaxmodel [B,KiB,MiB]:      2975645    2905.903     2.838
read_mo_297_> Segments, residues, atoms:        1     2261    17895
read_mo_298_> Segment:        1  1:A  2261:A    17895

Dynamically allocated memory at   amaxalignment [B,KiB,MiB]:      3042166    2970.865     2.901

Dynamically allocated memory at   amaxstructure [B,KiB,MiB]:      4358301    4256.153     4.156

Dynamically allocated memory at   amaxalignment [B,KiB,MiB]:      4379218    4276.580     4.176

Dynamically allocated memory at   amaxstructure [B,KiB,MiB]:      5695353    5561.868     5.432

Dynamically allocated memory at       amaxmodel [B,KiB,MiB]:      5964217    5824.431     5.688

mkilst______> segment topology constructed from sequence and RTF:
              segments residues  atoms  bonds angles dihedrals impropers:
                     1     2261  17894  18304      0         0      7652

Dynamically allocated memory at       amaxmodel [B,KiB,MiB]:      6732445    6574.653     6.421

patch_______> segment topology patched using RTF:  1 ;  MET  ;  NTER
              segments residues  atoms  bonds angles dihedrals impropers:
                     1     2261  17894  18304  24816     29404      7652


Dynamically allocated memory at       amaxmodel [B,KiB,MiB]:      7552621    7375.606     7.203
patch_______> segment topology patched using RTF:  2261 ;  VAL  ;  CTER
              segments residues  atoms  bonds angles dihedrals impropers:
                     1     2261  17895  18305  24818     29406      7653

genseg______> segment topology constructed from sequence and RTF:
              segments residues  atoms  bonds angles dihedrals impropers:
                     1     2261  17895  18305  24818     29406      7653
transfe_506_> MODEL is an average of all templates.
transfe_511_> Number of templates for coordinate transfer:        1
              After transferring coordinates of the equivalent template atoms,
              there are defined, undefined atoms in MODEL:    17895        0
openf___224_> Open           ${LIB}/atmcls-mf.lib

Dynamically allocated memory at amaxgroup_restr [B,KiB,MiB]:      4833341    4720.060     4.609

Dynamically allocated memory at amaxgroup_restr [B,KiB,MiB]:      4833405    4720.122     4.609

Dynamically allocated memory at amaxgroup_restr [B,KiB,MiB]:      4833463    4720.179     4.610

Dynamically allocated memory at amaxgroup_restr [B,KiB,MiB]:      4833527    4720.241     4.610

Dynamically allocated memory at amaxgroup_restr [B,KiB,MiB]:      4833593    4720.306     4.610

Dynamically allocated memory at amaxgroup_restr [B,KiB,MiB]:      4833657    4720.368     4.610

Dynamically allocated memory at amaxgroup_restr [B,KiB,MiB]:      4833813    4720.521     4.610

Dynamically allocated memory at amaxgroup_restr [B,KiB,MiB]:      4833941    4720.646     4.610

Dynamically allocated memory at amaxgroup_restr [B,KiB,MiB]:      4834235    4720.933     4.610

Dynamically allocated memory at amaxgroup_restr [B,KiB,MiB]:      4834427    4721.120     4.610

Dynamically allocated memory at amaxgroup_restr [B,KiB,MiB]:      4834931    4721.612     4.611

Dynamically allocated memory at amaxgroup_restr [B,KiB,MiB]:      4835187    4721.862     4.611

Dynamically allocated memory at amaxgroup_restr [B,KiB,MiB]:      4836183    4722.835     4.612

Dynamically allocated memory at amaxgroup_restr [B,KiB,MiB]:      4836567    4723.210     4.613

Dynamically allocated memory at amaxgroup_restr [B,KiB,MiB]:      4837143    4723.772     4.613

Dynamically allocated memory at amaxgroup_restr [B,KiB,MiB]:      4839177    4725.759     4.615

Dynamically allocated memory at amaxgroup_restr [B,KiB,MiB]:      4840073    4726.634     4.616

Dynamically allocated memory at amaxgroup_restr [B,KiB,MiB]:      4844525    4730.981     4.620

Dynamically allocated memory at amaxgroup_restr [B,KiB,MiB]:      4845869    4732.294     4.621

Dynamically allocated memory at amaxgroup_restr [B,KiB,MiB]:      4855487    4741.687     4.631

Dynamically allocated memory at amaxgroup_restr [B,KiB,MiB]:      4857471    4743.624     4.632

Dynamically allocated memory at amaxgroup_restr [B,KiB,MiB]:      4878117    4763.786     4.652

Dynamically allocated memory at amaxgroup_restr [B,KiB,MiB]:      4881125    4766.724     4.655

Dynamically allocated memory at amaxgroup_restr [B,KiB,MiB]:      4927091    4811.612     4.699

Dynamically allocated memory at amaxgroup_restr [B,KiB,MiB]:      4931571    4815.987     4.703

Dynamically allocated memory at amaxgroup_restr [B,KiB,MiB]:      5032791    4914.835     4.800
openf___224_> Open           ${LIB}/dist-mf.lib

Dynamically allocated memory at amaxgroup_restr [B,KiB,MiB]:      5033187    4915.222     4.800

Dynamically allocated memory at amaxgroup_restr [B,KiB,MiB]:      5033983    4915.999     4.801

Dynamically allocated memory at amaxgroup_restr [B,KiB,MiB]:      5034779    4916.776     4.802

Dynamically allocated memory at amaxgroup_restr [B,KiB,MiB]:      5035967    4917.937     4.803

Dynamically allocated memory at amaxgroup_restr [B,KiB,MiB]:      5036367    4918.327     4.803

Dynamically allocated memory at amaxgroup_restr [B,KiB,MiB]:      5036967    4918.913     4.804

Dynamically allocated memory at amaxgroup_restr [B,KiB,MiB]:      5037867    4919.792     4.804

Dynamically allocated memory at amaxgroup_restr [B,KiB,MiB]:      5039215    4921.108     4.806

Dynamically allocated memory at amaxgroup_restr [B,KiB,MiB]:      5039415    4921.304     4.806

Dynamically allocated memory at amaxgroup_restr [B,KiB,MiB]:      5041439    4923.280     4.808

Dynamically allocated memory at amaxgroup_restr [B,KiB,MiB]:      5041739    4923.573     4.808

Dynamically allocated memory at amaxgroup_restr [B,KiB,MiB]:      5044775    4926.538     4.811

Dynamically allocated memory at amaxgroup_restr [B,KiB,MiB]:      5045223    4926.976     4.811

Dynamically allocated memory at amaxgroup_restr [B,KiB,MiB]:      5049775    4931.421     4.816

Dynamically allocated memory at amaxgroup_restr [B,KiB,MiB]:      5050447    4932.077     4.816

Dynamically allocated memory at amaxgroup_restr [B,KiB,MiB]:      5057275    4938.745     4.823

Dynamically allocated memory at amaxgroup_restr [B,KiB,MiB]:      5058283    4939.729     4.824

Dynamically allocated memory at amaxgroup_restr [B,KiB,MiB]:      5068527    4949.733     4.834

Dynamically allocated memory at amaxgroup_restr [B,KiB,MiB]:      5069127    4950.319     4.834

Dynamically allocated memory at amaxgroup_restr [B,KiB,MiB]:      5069527    4950.710     4.835

Dynamically allocated memory at amaxgroup_restr [B,KiB,MiB]:      5071039    4952.187     4.836

Dynamically allocated memory at amaxgroup_restr [B,KiB,MiB]:      5086403    4967.190     4.851

Dynamically allocated memory at amaxgroup_restr [B,KiB,MiB]:      5087303    4968.069     4.852

Dynamically allocated memory at amaxgroup_restr [B,KiB,MiB]:      5087903    4968.655     4.852

Dynamically allocated memory at amaxgroup_restr [B,KiB,MiB]:      5090171    4970.870     4.854

Dynamically allocated memory at amaxgroup_restr [B,KiB,MiB]:      5113219    4993.378     4.876

Dynamically allocated memory at amaxgroup_restr [B,KiB,MiB]:      5114563    4994.690     4.878

Dynamically allocated memory at amaxgroup_restr [B,KiB,MiB]:      5115463    4995.569     4.878

Dynamically allocated memory at amaxgroup_restr [B,KiB,MiB]:      5118867    4998.894     4.882

Dynamically allocated memory at amaxgroup_restr [B,KiB,MiB]:      5153439    5032.655     4.915

Dynamically allocated memory at amaxgroup_restr [B,KiB,MiB]:      5155455    5034.624     4.917

Dynamically allocated memory at amaxgroup_restr [B,KiB,MiB]:      5156803    5035.940     4.918

Dynamically allocated memory at amaxgroup_restr [B,KiB,MiB]:      5161907    5040.925     4.923

Dynamically allocated memory at amaxgroup_restr [B,KiB,MiB]:      5213763    5091.565     4.972

Dynamically allocated memory at amaxgroup_restr [B,KiB,MiB]:      5216787    5094.519     4.975

Dynamically allocated memory at amaxgroup_restr [B,KiB,MiB]:      5218811    5096.495     4.977

Dynamically allocated memory at amaxgroup_restr [B,KiB,MiB]:      5226467    5103.972     4.984

Dynamically allocated memory at amaxgroup_restr [B,KiB,MiB]:      5304251    5179.933     5.059

Dynamically allocated memory at amaxgroup_restr [B,KiB,MiB]:      5308787    5184.362     5.063

Dynamically allocated memory at amaxgroup_restr [B,KiB,MiB]:      5311823    5187.327     5.066

Dynamically allocated memory at amaxgroup_restr [B,KiB,MiB]:      5323307    5198.542     5.077

Dynamically allocated memory at amaxgroup_restr [B,KiB,MiB]:      5439983    5312.483     5.188

Dynamically allocated memory at amaxgroup_restr [B,KiB,MiB]:      5446787    5319.128     5.194

Dynamically allocated memory at amaxgroup_restr [B,KiB,MiB]:      5451339    5323.573     5.199

Dynamically allocated memory at amaxgroup_restr [B,KiB,MiB]:      5468567    5340.397     5.215

Dynamically allocated memory at amaxgroup_restr [B,KiB,MiB]:      5643583    5511.312     5.382

Dynamically allocated memory at amaxgroup_restr [B,KiB,MiB]:      5653795    5521.284     5.392

Dynamically allocated memory at amaxgroup_restr [B,KiB,MiB]:      5660623    5527.952     5.398

Dynamically allocated memory at amaxgroup_restr [B,KiB,MiB]:      5686463    5553.187     5.423

Dynamically allocated memory at amaxgroup_restr [B,KiB,MiB]:      5948987    5809.558     5.673

Dynamically allocated memory at amaxgroup_restr [B,KiB,MiB]:      5964299    5824.511     5.688

Dynamically allocated memory at amaxgroup_restr [B,KiB,MiB]:      5974543    5834.515     5.698

Dynamically allocated memory at amaxgroup_restr [B,KiB,MiB]:      6013303    5872.366     5.735

Dynamically allocated memory at amaxgroup_restr [B,KiB,MiB]:      6407087    6256.921     6.110

Dynamically allocated memory at amaxgroup_restr [B,KiB,MiB]:      6430055    6279.351     6.132

Dynamically allocated memory at amaxgroup_restr [B,KiB,MiB]:      6445419    6294.354     6.147

Dynamically allocated memory at amaxgroup_restr [B,KiB,MiB]:      6503559    6351.132     6.202

Dynamically allocated memory at amaxgroup_restr [B,KiB,MiB]:      7094235    6927.964     6.766

Dynamically allocated memory at amaxgroup_restr [B,KiB,MiB]:      7128687    6961.608     6.798

Dynamically allocated memory at amaxgroup_restr [B,KiB,MiB]:      7151735    6984.116     6.820

Dynamically allocated memory at amaxgroup_restr [B,KiB,MiB]:      7238947    7069.284     6.904

Dynamically allocated memory at amaxgroup_restr [B,KiB,MiB]:      8124963    7934.534     7.749

Dynamically allocated memory at amaxgroup_restr [B,KiB,MiB]:      8176647    7985.007     7.798

Dynamically allocated memory at amaxgroup_restr [B,KiB,MiB]:      8211219    8018.769     7.831

Dynamically allocated memory at amaxgroup_restr [B,KiB,MiB]:      8342035    8146.519     7.956

Dynamically allocated memory at amaxgroup_restr [B,KiB,MiB]:      9671059    9444.394     9.223
read_pa_232_> parameters    BONDS   ANGLS  DIHEDS IMPROPS    MODE
                                0       0       0       0   12561
>> Model assessment by DOPE potential
iatmcls_286W> MODEL atom not classified:  VAL:OXT  VAL
preppdf_453W> No fixed restraints selected; there may be some dynamic ones.
preppdf_454W> Restraints file was probably not read; use restraints.append().

Dynamically allocated memory at amaxhash_contac [B,KiB,MiB]:     14824943   14477.483    14.138

Dynamically allocated memory at  amaxrestraints [B,KiB,MiB]:     15547027   15182.644    14.827

Dynamically allocated memory at  amaxrestraints [B,KiB,MiB]:     15976507   15602.058    15.236

Dynamically allocated memory at  amaxrestraints [B,KiB,MiB]:     16835467   16440.887    16.056

Dynamically allocated memory at  amaxrestraints [B,KiB,MiB]:     18553387   18118.543    17.694

Dynamically allocated memory at  amaxrestraints [B,KiB,MiB]:     21989227   21473.855    20.971

Dynamically allocated memory at  amaxrestraints [B,KiB,MiB]:     28860907   28184.480    27.524

Dynamically allocated memory at  amaxrestraints [B,KiB,MiB]:     42604267   41605.730    40.631

Dynamically allocated memory at  amaxrestraints [B,KiB,MiB]:     70090987   68448.227    66.844


>> ENERGY; Differences between the model's features and restraints:
Number of all residues in MODEL                   :     2261
Number of all, selected real atoms                :    17895   17895
Number of all, selected pseudo atoms              :        0       0
Number of all static, selected restraints         :        0       0
COVALENT_CYS                                      :        F
NONBONDED_SEL_ATOMS                               :        1
Number of non-bonded pairs (excluding 1-2,1-3,1-4):  4043666
Dynamic pairs routine                             : 1, NATM x NATM double loop
Atomic shift for contacts update (UPDATE_DYNAMIC) :    0.390
LENNARD_JONES_SWITCH                              :    6.500   7.500
COULOMB_JONES_SWITCH                              :    6.500   7.500
RESIDUE_SPAN_RANGE                                :        1    9999
NLOGN_USE                                         :       15
CONTACT_SHELL                                     :   15.000
DYNAMIC_PAIRS,_SPHERE,_COULOMB,_LENNARD,_MODELLER :        T       F       F       F       T
SPHERE_STDV                                       :    0.050
RADII_FACTOR                                      :    0.820
Current energy                                    :     -221465.3125





Summary of the restraint violations: 

   NUM     ... number of restraints.
   NUMVI   ... number of restraints with RVIOL > VIOL_REPORT_CUT[i].
   RVIOL   ... relative difference from the best value.
   NUMVP   ... number of restraints with -Ln(pdf) > VIOL_REPORT_CUT2[i].
   RMS_1   ... RMS(feature, minimally_violated_basis_restraint, NUMB).
   RMS_2   ... RMS(feature, best_value, NUMB).
   MOL.PDF ... scaled contribution to -Ln(Molecular pdf).

 #                     RESTRAINT_GROUP      NUM   NUMVI  NUMVP   RMS_1   RMS_2         MOL.PDF     S_i
------------------------------------------------------------------------------------------------------
 1 Bond length potential              :       0       0      0   0.000   0.000      0.0000       0.000
 2 Bond angle potential               :       0       0      0   0.000   0.000      0.0000       0.000
 3 Stereochemical cosine torsion poten:       0       0      0   0.000   0.000      0.0000       0.000
 4 Stereochemical improper torsion pot:       0       0      0   0.000   0.000      0.0000       0.000
 5 Soft-sphere overlap restraints     :       0       0      0   0.000   0.000      0.0000       0.000
 6 Lennard-Jones 6-12 potential       :       0       0      0   0.000   0.000      0.0000       0.000
 7 Coulomb point-point electrostatic p:       0       0      0   0.000   0.000      0.0000       0.000
 8 H-bonding potential                :       0       0      0   0.000   0.000      0.0000       0.000
 9 Distance restraints 1 (CA-CA)      :       0       0      0   0.000   0.000      0.0000       0.000
10 Distance restraints 2 (N-O)        :       0       0      0   0.000   0.000      0.0000       0.000
11 Mainchain Phi dihedral restraints  :       0       0      0   0.000   0.000      0.0000       0.000
12 Mainchain Psi dihedral restraints  :       0       0      0   0.000   0.000      0.0000       0.000
13 Mainchain Omega dihedral restraints:       0       0      0   0.000   0.000      0.0000       0.000
14 Sidechain Chi_1 dihedral restraints:       0       0      0   0.000   0.000      0.0000       0.000
15 Sidechain Chi_2 dihedral restraints:       0       0      0   0.000   0.000      0.0000       0.000
16 Sidechain Chi_3 dihedral restraints:       0       0      0   0.000   0.000      0.0000       0.000
17 Sidechain Chi_4 dihedral restraints:       0       0      0   0.000   0.000      0.0000       0.000
18 Disulfide distance restraints      :       0       0      0   0.000   0.000      0.0000       0.000
19 Disulfide angle restraints         :       0       0      0   0.000   0.000      0.0000       0.000
20 Disulfide dihedral angle restraints:       0       0      0   0.000   0.000      0.0000       0.000
21 Lower bound distance restraints    :       0       0      0   0.000   0.000      0.0000       0.000
22 Upper bound distance restraints    :       0       0      0   0.000   0.000      0.0000       0.000
23 Distance restraints 3 (SDCH-MNCH)  :       0       0      0   0.000   0.000      0.0000       0.000
24 Sidechain Chi_5 dihedral restraints:       0       0      0   0.000   0.000      0.0000       0.000
25 Phi/Psi pair of dihedral restraints:       0       0      0   0.000   0.000      0.0000       0.000
26 Distance restraints 4 (SDCH-SDCH)  :       0       0      0   0.000   0.000      0.0000       0.000
27 Distance restraints 5 (X-Y)        :       0       0      0   0.000   0.000      0.0000       0.000
28 NMR distance restraints 6 (X-Y)    :       0       0      0   0.000   0.000      0.0000       0.000
29 NMR distance restraints 7 (X-Y)    :       0       0      0   0.000   0.000      0.0000       0.000
30 Minimal distance restraints        :       0       0      0   0.000   0.000      0.0000       0.000
31 Non-bonded restraints              : 4043630       0   8199   6.900   6.900    -0.22147E+06   1.000
32 Atomic accessibility restraints    :       0       0      0   0.000   0.000      0.0000       0.000
33 Atomic density restraints          :       0       0      0   0.000   0.000      0.0000       0.000
34 Absolute position restraints       :       0       0      0   0.000   0.000      0.0000       0.000
35 Dihedral angle difference restraint:       0       0      0   0.000   0.000      0.0000       0.000
36 GBSA implicit solvent potential    :       0       0      0   0.000   0.000      0.0000       0.000
37 EM density fitting potential       :       0       0      0   0.000   0.000      0.0000       0.000
38 SAXS restraints                    :       0       0      0   0.000   0.000      0.0000       0.000
39 Symmetry restraints                :       0       0      0   0.000   0.000      0.0000       0.000
do_prof_492W> Are you sure you want to calculate a normalized energy profile!



openf___224_> Open           Template.profile
# Energy of each residue is written to: Template.profile
# The profile IS normalized by the number of restraints.
# The profiles are smoothed over a window of residues:   13
# The sum of all numbers in the file:     -64.7615

<< end of ENERGY.
DOPE score               : -221465.312500

Dynamically allocated memory at          finish [B,KiB,MiB]:     69798215   68162.320    66.565
Starting time                                            : 2023/05/06 23:28:53
Closing time                                             : 2023/05/06 23:29:01
Total CPU time [seconds]                                 :       7.83
