
                         MODELLER 10.4, 2022/10/28, r12463

     PROTEIN STRUCTURE MODELLING BY SATISFACTION OF SPATIAL RESTRAINTS


                     Copyright(c) 1989-2022 Andrej Sali
                            All Rights Reserved

                             Written by A. Sali
                               with help from
              B. Webb, M.S. Madhusudhan, M-Y. Shen, G.Q. Dong,
          M.A. Marti-Renom, N. Eswar, F. Alber, M. Topf, B. Oliva,
             A. Fiser, R. Sanchez, B. Yerkovich, A. Badretdinov,
                     F. Melo, J.P. Overington, E. Feyfant
                 University of California, San Francisco, USA
                    Rockefeller University, New York, USA
                      Harvard University, Cambridge, USA
                   Imperial Cancer Research Fund, London, UK
              Birkbeck College, University of London, London, UK


Kind, OS, HostName, Kernel, Processor: 4, Darwin Aryans-MacBook-Pro.local 22.4.0 arm64
Date and time of compilation         : 2022/10/28 13:23:21
MODELLER executable type             : mac12arm64-gnu
Job starting time (YY/MM/DD HH:MM:SS): 2023/05/06 22:30:32

openf___224_> Open           $(LIB)/restyp.lib
openf___224_> Open           ${MODINSTALL10v4}/modlib/resgrp.lib
rdresgr_266_> Number of residue groups:        2
openf___224_> Open           ${MODINSTALL10v4}/modlib/sstruc.lib

Dynamically allocated memory at   amaxlibraries [B,KiB,MiB]:       191566     187.076     0.183

Dynamically allocated memory at   amaxlibraries [B,KiB,MiB]:       192094     187.592     0.183
openf___224_> Open           ${MODINSTALL10v4}/modlib/resdih.lib

Dynamically allocated memory at   amaxlibraries [B,KiB,MiB]:       240694     235.053     0.230
rdrdih__263_> Number of dihedral angle types         :        9
              Maximal number of dihedral angle optima:        3
              Dihedral angle names                   :  Alph Phi Psi Omeg chi1 chi2 chi3 chi4 chi5
openf___224_> Open           ${MODINSTALL10v4}/modlib/radii.lib

Dynamically allocated memory at   amaxlibraries [B,KiB,MiB]:       253994     248.041     0.242
openf___224_> Open           ${MODINSTALL10v4}/modlib/af_mnchdef.lib
rdwilmo_274_> Mainchain residue conformation classes:  APBLE
openf___224_> Open           ${MODINSTALL10v4}/modlib/mnch.lib
rdclass_257_> Number of classes:        5
openf___224_> Open           ${MODINSTALL10v4}/modlib/mnch1.lib
openf___224_> Open           ${MODINSTALL10v4}/modlib/mnch2.lib
openf___224_> Open           ${MODINSTALL10v4}/modlib/mnch3.lib
openf___224_> Open           ${MODINSTALL10v4}/modlib/xs4.mat
rdrrwgh_268_> Number of residue types:       21
openf___224_> Open           $(LIB)/top_heav.lib
read_to_681_> topology.submodel read from topology file:        3
openf___224_> Open           $(LIB)/par.lib

Dynamically allocated memory at  amaxparameters [B,KiB,MiB]:       393438     384.217     0.375

Dynamically allocated memory at  amaxparameters [B,KiB,MiB]:       395038     385.779     0.377

Dynamically allocated memory at  amaxparameters [B,KiB,MiB]:       399018     389.666     0.381

Dynamically allocated memory at  amaxparameters [B,KiB,MiB]:       401018     391.619     0.382

Dynamically allocated memory at  amaxparameters [B,KiB,MiB]:       404018     394.549     0.385

Dynamically allocated memory at  amaxparameters [B,KiB,MiB]:       408518     398.943     0.390

Dynamically allocated memory at  amaxparameters [B,KiB,MiB]:       414090     404.385     0.395

Dynamically allocated memory at  amaxparameters [B,KiB,MiB]:       416890     407.119     0.398

Dynamically allocated memory at  amaxparameters [B,KiB,MiB]:       421090     411.221     0.402

Dynamically allocated memory at  amaxparameters [B,KiB,MiB]:       427390     417.373     0.408

Dynamically allocated memory at  amaxparameters [B,KiB,MiB]:       430162     420.080     0.410

Dynamically allocated memory at  amaxparameters [B,KiB,MiB]:       431562     421.447     0.412
read_pa_232_> parameters    BONDS   ANGLS  DIHEDS IMPROPS    MODE
                              227     561     661     112       0
openf___224_> Open           1YES.B99990002.pdb

Dynamically allocated memory at amaxcoordinates [B,KiB,MiB]:       442599     432.226     0.422

Dynamically allocated memory at    amaxsequence [B,KiB,MiB]:       442675     432.300     0.422

Dynamically allocated memory at amaxcoordinates [B,KiB,MiB]:       442846     432.467     0.422

Dynamically allocated memory at amaxcoordinates [B,KiB,MiB]:       443696     433.297     0.423

Dynamically allocated memory at amaxcoordinates [B,KiB,MiB]:       444954     434.525     0.424

Dynamically allocated memory at amaxcoordinates [B,KiB,MiB]:       446858     436.385     0.426

Dynamically allocated memory at amaxcoordinates [B,KiB,MiB]:       449714     439.174     0.429

Dynamically allocated memory at    amaxsequence [B,KiB,MiB]:       449754     439.213     0.429

Dynamically allocated memory at amaxcoordinates [B,KiB,MiB]:       449844     439.301     0.429

Dynamically allocated memory at amaxcoordinates [B,KiB,MiB]:       454128     443.484     0.433

Dynamically allocated memory at    amaxsequence [B,KiB,MiB]:       454188     443.543     0.433

Dynamically allocated memory at amaxcoordinates [B,KiB,MiB]:       454323     443.675     0.433

Dynamically allocated memory at amaxcoordinates [B,KiB,MiB]:       460749     449.950     0.439

Dynamically allocated memory at    amaxsequence [B,KiB,MiB]:       460837     450.036     0.439

Dynamically allocated memory at amaxcoordinates [B,KiB,MiB]:       461035     450.229     0.440

Dynamically allocated memory at    amaxsequence [B,KiB,MiB]:       461167     450.358     0.440

Dynamically allocated memory at amaxcoordinates [B,KiB,MiB]:       461464     450.648     0.440

Dynamically allocated memory at amaxcoordinates [B,KiB,MiB]:       471086     460.045     0.449

Dynamically allocated memory at    amaxsequence [B,KiB,MiB]:       471286     460.240     0.449

Dynamically allocated memory at amaxcoordinates [B,KiB,MiB]:       471736     460.680     0.450

Dynamically allocated memory at amaxcoordinates [B,KiB,MiB]:       486186     474.791     0.464

Dynamically allocated memory at    amaxsequence [B,KiB,MiB]:       486486     475.084     0.464

Dynamically allocated memory at amaxcoordinates [B,KiB,MiB]:       487161     475.743     0.465

Dynamically allocated memory at amaxcoordinates [B,KiB,MiB]:       508819     496.894     0.485

Dynamically allocated memory at    amaxsequence [B,KiB,MiB]:       509267     497.331     0.486

Dynamically allocated memory at amaxcoordinates [B,KiB,MiB]:       510275     498.315     0.487

Dynamically allocated memory at amaxcoordinates [B,KiB,MiB]:       542779     530.058     0.518

Dynamically allocated memory at    amaxsequence [B,KiB,MiB]:       543451     530.714     0.518

Dynamically allocated memory at amaxcoordinates [B,KiB,MiB]:       544963     532.190     0.520

Dynamically allocated memory at amaxcoordinates [B,KiB,MiB]:       593719     579.804     0.566

Dynamically allocated memory at    amaxsequence [B,KiB,MiB]:       594727     580.788     0.567

Dynamically allocated memory at amaxcoordinates [B,KiB,MiB]:       596995     583.003     0.569

Dynamically allocated memory at amaxcoordinates [B,KiB,MiB]:       670129     654.423     0.639

Dynamically allocated memory at    amaxsequence [B,KiB,MiB]:       671641     655.899     0.641

Dynamically allocated memory at amaxcoordinates [B,KiB,MiB]:       675043     659.222     0.644

Dynamically allocated memory at amaxcoordinates [B,KiB,MiB]:       784727     766.335     0.748

Dynamically allocated memory at    amaxsequence [B,KiB,MiB]:       786995     768.550     0.751

Dynamically allocated memory at amaxcoordinates [B,KiB,MiB]:       792098     773.533     0.755

Dynamically allocated memory at amaxcoordinates [B,KiB,MiB]:       956624     934.203     0.912

Dynamically allocated memory at    amaxsequence [B,KiB,MiB]:       960028     937.527     0.916

Dynamically allocated memory at amaxcoordinates [B,KiB,MiB]:       967687     945.007     0.923

Dynamically allocated memory at amaxcoordinates [B,KiB,MiB]:      1214493    1186.028     1.158

Dynamically allocated memory at       amaxmodel [B,KiB,MiB]:      2975645    2905.903     2.838
read_mo_297_> Segments, residues, atoms:        1     2261    17897
read_mo_298_> Segment:        1  1:A  2261:A    17897

Dynamically allocated memory at   amaxalignment [B,KiB,MiB]:      3042166    2970.865     2.901

Dynamically allocated memory at   amaxstructure [B,KiB,MiB]:      4358369    4256.220     4.156

Dynamically allocated memory at   amaxalignment [B,KiB,MiB]:      4379286    4276.646     4.176

Dynamically allocated memory at   amaxstructure [B,KiB,MiB]:      5695489    5562.001     5.432

Dynamically allocated memory at       amaxmodel [B,KiB,MiB]:      5964457    5824.665     5.688

mkilst______> segment topology constructed from sequence and RTF:
              segments residues  atoms  bonds angles dihedrals impropers:
                     1     2261  17896  18307      0         0      7657

Dynamically allocated memory at       amaxmodel [B,KiB,MiB]:      6732861    6575.060     6.421

patch_______> segment topology patched using RTF:  1 ;  MET  ;  NTER
              segments residues  atoms  bonds angles dihedrals impropers:
                     1     2261  17896  18307  24820     29412      7657


Dynamically allocated memory at       amaxmodel [B,KiB,MiB]:      7553037    7376.013     7.203
patch_______> segment topology patched using RTF:  2261 ;  VAL  ;  CTER
              segments residues  atoms  bonds angles dihedrals impropers:
                     1     2261  17897  18308  24822     29414      7658

genseg______> segment topology constructed from sequence and RTF:
              segments residues  atoms  bonds angles dihedrals impropers:
                     1     2261  17897  18308  24822     29414      7658
transfe_506_> MODEL is an average of all templates.
transfe_511_> Number of templates for coordinate transfer:        1
              After transferring coordinates of the equivalent template atoms,
              there are defined, undefined atoms in MODEL:    17897        0
openf___224_> Open           ${LIB}/atmcls-mf.lib

Dynamically allocated memory at amaxgroup_restr [B,KiB,MiB]:      4833621    4720.333     4.610

Dynamically allocated memory at amaxgroup_restr [B,KiB,MiB]:      4833685    4720.396     4.610

Dynamically allocated memory at amaxgroup_restr [B,KiB,MiB]:      4833743    4720.452     4.610

Dynamically allocated memory at amaxgroup_restr [B,KiB,MiB]:      4833807    4720.515     4.610

Dynamically allocated memory at amaxgroup_restr [B,KiB,MiB]:      4833873    4720.579     4.610

Dynamically allocated memory at amaxgroup_restr [B,KiB,MiB]:      4833937    4720.642     4.610

Dynamically allocated memory at amaxgroup_restr [B,KiB,MiB]:      4834093    4720.794     4.610

Dynamically allocated memory at amaxgroup_restr [B,KiB,MiB]:      4834221    4720.919     4.610

Dynamically allocated memory at amaxgroup_restr [B,KiB,MiB]:      4834515    4721.206     4.611

Dynamically allocated memory at amaxgroup_restr [B,KiB,MiB]:      4834707    4721.394     4.611

Dynamically allocated memory at amaxgroup_restr [B,KiB,MiB]:      4835211    4721.886     4.611

Dynamically allocated memory at amaxgroup_restr [B,KiB,MiB]:      4835467    4722.136     4.611

Dynamically allocated memory at amaxgroup_restr [B,KiB,MiB]:      4836463    4723.108     4.612

Dynamically allocated memory at amaxgroup_restr [B,KiB,MiB]:      4836847    4723.483     4.613

Dynamically allocated memory at amaxgroup_restr [B,KiB,MiB]:      4837423    4724.046     4.613

Dynamically allocated memory at amaxgroup_restr [B,KiB,MiB]:      4839457    4726.032     4.615

Dynamically allocated memory at amaxgroup_restr [B,KiB,MiB]:      4840353    4726.907     4.616

Dynamically allocated memory at amaxgroup_restr [B,KiB,MiB]:      4844805    4731.255     4.620

Dynamically allocated memory at amaxgroup_restr [B,KiB,MiB]:      4846149    4732.567     4.622

Dynamically allocated memory at amaxgroup_restr [B,KiB,MiB]:      4855767    4741.960     4.631

Dynamically allocated memory at amaxgroup_restr [B,KiB,MiB]:      4857751    4743.897     4.633

Dynamically allocated memory at amaxgroup_restr [B,KiB,MiB]:      4878397    4764.060     4.652

Dynamically allocated memory at amaxgroup_restr [B,KiB,MiB]:      4881405    4766.997     4.655

Dynamically allocated memory at amaxgroup_restr [B,KiB,MiB]:      4927371    4811.886     4.699

Dynamically allocated memory at amaxgroup_restr [B,KiB,MiB]:      4931851    4816.261     4.703

Dynamically allocated memory at amaxgroup_restr [B,KiB,MiB]:      5033071    4915.108     4.800
openf___224_> Open           ${LIB}/dist-mf.lib

Dynamically allocated memory at amaxgroup_restr [B,KiB,MiB]:      5033467    4915.495     4.800

Dynamically allocated memory at amaxgroup_restr [B,KiB,MiB]:      5034263    4916.272     4.801

Dynamically allocated memory at amaxgroup_restr [B,KiB,MiB]:      5035059    4917.050     4.802

Dynamically allocated memory at amaxgroup_restr [B,KiB,MiB]:      5036247    4918.210     4.803

Dynamically allocated memory at amaxgroup_restr [B,KiB,MiB]:      5036647    4918.601     4.803

Dynamically allocated memory at amaxgroup_restr [B,KiB,MiB]:      5037247    4919.187     4.804

Dynamically allocated memory at amaxgroup_restr [B,KiB,MiB]:      5038147    4920.065     4.805

Dynamically allocated memory at amaxgroup_restr [B,KiB,MiB]:      5039495    4921.382     4.806

Dynamically allocated memory at amaxgroup_restr [B,KiB,MiB]:      5039695    4921.577     4.806

Dynamically allocated memory at amaxgroup_restr [B,KiB,MiB]:      5041719    4923.554     4.808

Dynamically allocated memory at amaxgroup_restr [B,KiB,MiB]:      5042019    4923.847     4.808

Dynamically allocated memory at amaxgroup_restr [B,KiB,MiB]:      5045055    4926.812     4.811

Dynamically allocated memory at amaxgroup_restr [B,KiB,MiB]:      5045503    4927.249     4.812

Dynamically allocated memory at amaxgroup_restr [B,KiB,MiB]:      5050055    4931.694     4.816

Dynamically allocated memory at amaxgroup_restr [B,KiB,MiB]:      5050727    4932.351     4.817

Dynamically allocated memory at amaxgroup_restr [B,KiB,MiB]:      5057555    4939.019     4.823

Dynamically allocated memory at amaxgroup_restr [B,KiB,MiB]:      5058563    4940.003     4.824

Dynamically allocated memory at amaxgroup_restr [B,KiB,MiB]:      5068807    4950.007     4.834

Dynamically allocated memory at amaxgroup_restr [B,KiB,MiB]:      5069407    4950.593     4.835

Dynamically allocated memory at amaxgroup_restr [B,KiB,MiB]:      5069807    4950.983     4.835

Dynamically allocated memory at amaxgroup_restr [B,KiB,MiB]:      5071319    4952.460     4.836

Dynamically allocated memory at amaxgroup_restr [B,KiB,MiB]:      5086683    4967.464     4.851

Dynamically allocated memory at amaxgroup_restr [B,KiB,MiB]:      5087583    4968.343     4.852

Dynamically allocated memory at amaxgroup_restr [B,KiB,MiB]:      5088183    4968.929     4.852

Dynamically allocated memory at amaxgroup_restr [B,KiB,MiB]:      5090451    4971.144     4.855

Dynamically allocated memory at amaxgroup_restr [B,KiB,MiB]:      5113499    4993.651     4.877

Dynamically allocated memory at amaxgroup_restr [B,KiB,MiB]:      5114843    4994.964     4.878

Dynamically allocated memory at amaxgroup_restr [B,KiB,MiB]:      5115743    4995.843     4.879

Dynamically allocated memory at amaxgroup_restr [B,KiB,MiB]:      5119147    4999.167     4.882

Dynamically allocated memory at amaxgroup_restr [B,KiB,MiB]:      5153719    5032.929     4.915

Dynamically allocated memory at amaxgroup_restr [B,KiB,MiB]:      5155735    5034.897     4.917

Dynamically allocated memory at amaxgroup_restr [B,KiB,MiB]:      5157083    5036.214     4.918

Dynamically allocated memory at amaxgroup_restr [B,KiB,MiB]:      5162187    5041.198     4.923

Dynamically allocated memory at amaxgroup_restr [B,KiB,MiB]:      5214043    5091.839     4.972

Dynamically allocated memory at amaxgroup_restr [B,KiB,MiB]:      5217067    5094.792     4.975

Dynamically allocated memory at amaxgroup_restr [B,KiB,MiB]:      5219091    5096.769     4.977

Dynamically allocated memory at amaxgroup_restr [B,KiB,MiB]:      5226747    5104.245     4.985

Dynamically allocated memory at amaxgroup_restr [B,KiB,MiB]:      5304531    5180.206     5.059

Dynamically allocated memory at amaxgroup_restr [B,KiB,MiB]:      5309067    5184.636     5.063

Dynamically allocated memory at amaxgroup_restr [B,KiB,MiB]:      5312103    5187.601     5.066

Dynamically allocated memory at amaxgroup_restr [B,KiB,MiB]:      5323587    5198.815     5.077

Dynamically allocated memory at amaxgroup_restr [B,KiB,MiB]:      5440263    5312.757     5.188

Dynamically allocated memory at amaxgroup_restr [B,KiB,MiB]:      5447067    5319.401     5.195

Dynamically allocated memory at amaxgroup_restr [B,KiB,MiB]:      5451619    5323.847     5.199

Dynamically allocated memory at amaxgroup_restr [B,KiB,MiB]:      5468847    5340.671     5.215

Dynamically allocated memory at amaxgroup_restr [B,KiB,MiB]:      5643863    5511.585     5.382

Dynamically allocated memory at amaxgroup_restr [B,KiB,MiB]:      5654075    5521.558     5.392

Dynamically allocated memory at amaxgroup_restr [B,KiB,MiB]:      5660903    5528.226     5.399

Dynamically allocated memory at amaxgroup_restr [B,KiB,MiB]:      5686743    5553.460     5.423

Dynamically allocated memory at amaxgroup_restr [B,KiB,MiB]:      5949267    5809.831     5.674

Dynamically allocated memory at amaxgroup_restr [B,KiB,MiB]:      5964579    5824.784     5.688

Dynamically allocated memory at amaxgroup_restr [B,KiB,MiB]:      5974823    5834.788     5.698

Dynamically allocated memory at amaxgroup_restr [B,KiB,MiB]:      6013583    5872.640     5.735

Dynamically allocated memory at amaxgroup_restr [B,KiB,MiB]:      6407367    6257.194     6.111

Dynamically allocated memory at amaxgroup_restr [B,KiB,MiB]:      6430335    6279.624     6.132

Dynamically allocated memory at amaxgroup_restr [B,KiB,MiB]:      6445699    6294.628     6.147

Dynamically allocated memory at amaxgroup_restr [B,KiB,MiB]:      6503839    6351.405     6.203

Dynamically allocated memory at amaxgroup_restr [B,KiB,MiB]:      7094515    6928.237     6.766

Dynamically allocated memory at amaxgroup_restr [B,KiB,MiB]:      7128967    6961.882     6.799

Dynamically allocated memory at amaxgroup_restr [B,KiB,MiB]:      7152015    6984.390     6.821

Dynamically allocated memory at amaxgroup_restr [B,KiB,MiB]:      7239227    7069.558     6.904

Dynamically allocated memory at amaxgroup_restr [B,KiB,MiB]:      8125243    7934.808     7.749

Dynamically allocated memory at amaxgroup_restr [B,KiB,MiB]:      8176927    7985.280     7.798

Dynamically allocated memory at amaxgroup_restr [B,KiB,MiB]:      8211499    8019.042     7.831

Dynamically allocated memory at amaxgroup_restr [B,KiB,MiB]:      8342315    8146.792     7.956

Dynamically allocated memory at amaxgroup_restr [B,KiB,MiB]:      9671339    9444.667     9.223
read_pa_232_> parameters    BONDS   ANGLS  DIHEDS IMPROPS    MODE
                                0       0       0       0   12561
>> Model assessment by DOPE potential
iatmcls_286W> MODEL atom not classified:  VAL:OXT  VAL
preppdf_453W> No fixed restraints selected; there may be some dynamic ones.
preppdf_454W> Restraints file was probably not read; use restraints.append().

Dynamically allocated memory at amaxhash_contac [B,KiB,MiB]:     14825799   14478.319    14.139

Dynamically allocated memory at  amaxrestraints [B,KiB,MiB]:     15547931   15183.526    14.828

Dynamically allocated memory at  amaxrestraints [B,KiB,MiB]:     15977459   15602.987    15.237

Dynamically allocated memory at  amaxrestraints [B,KiB,MiB]:     16836515   16441.910    16.057

Dynamically allocated memory at  amaxrestraints [B,KiB,MiB]:     18554627   18119.754    17.695

Dynamically allocated memory at  amaxrestraints [B,KiB,MiB]:     21990851   21475.441    20.972

Dynamically allocated memory at  amaxrestraints [B,KiB,MiB]:     28863299   28186.816    27.526

Dynamically allocated memory at  amaxrestraints [B,KiB,MiB]:     42608195   41609.566    40.634

Dynamically allocated memory at  amaxrestraints [B,KiB,MiB]:     70097987   68455.062    66.851


>> ENERGY; Differences between the model's features and restraints:
Number of all residues in MODEL                   :     2261
Number of all, selected real atoms                :    17897   17897
Number of all, selected pseudo atoms              :        0       0
Number of all static, selected restraints         :        0       0
COVALENT_CYS                                      :        F
NONBONDED_SEL_ATOMS                               :        1
Number of non-bonded pairs (excluding 1-2,1-3,1-4):  3998208
Dynamic pairs routine                             : 1, NATM x NATM double loop
Atomic shift for contacts update (UPDATE_DYNAMIC) :    0.390
LENNARD_JONES_SWITCH                              :    6.500   7.500
COULOMB_JONES_SWITCH                              :    6.500   7.500
RESIDUE_SPAN_RANGE                                :        1    9999
NLOGN_USE                                         :       15
CONTACT_SHELL                                     :   15.000
DYNAMIC_PAIRS,_SPHERE,_COULOMB,_LENNARD,_MODELLER :        T       F       F       F       T
SPHERE_STDV                                       :    0.050
RADII_FACTOR                                      :    0.820
Current energy                                    :     -219797.6094





Summary of the restraint violations: 

   NUM     ... number of restraints.
   NUMVI   ... number of restraints with RVIOL > VIOL_REPORT_CUT[i].
   RVIOL   ... relative difference from the best value.
   NUMVP   ... number of restraints with -Ln(pdf) > VIOL_REPORT_CUT2[i].
   RMS_1   ... RMS(feature, minimally_violated_basis_restraint, NUMB).
   RMS_2   ... RMS(feature, best_value, NUMB).
   MOL.PDF ... scaled contribution to -Ln(Molecular pdf).

 #                     RESTRAINT_GROUP      NUM   NUMVI  NUMVP   RMS_1   RMS_2         MOL.PDF     S_i
------------------------------------------------------------------------------------------------------
 1 Bond length potential              :       0       0      0   0.000   0.000      0.0000       0.000
 2 Bond angle potential               :       0       0      0   0.000   0.000      0.0000       0.000
 3 Stereochemical cosine torsion poten:       0       0      0   0.000   0.000      0.0000       0.000
 4 Stereochemical improper torsion pot:       0       0      0   0.000   0.000      0.0000       0.000
 5 Soft-sphere overlap restraints     :       0       0      0   0.000   0.000      0.0000       0.000
 6 Lennard-Jones 6-12 potential       :       0       0      0   0.000   0.000      0.0000       0.000
 7 Coulomb point-point electrostatic p:       0       0      0   0.000   0.000      0.0000       0.000
 8 H-bonding potential                :       0       0      0   0.000   0.000      0.0000       0.000
 9 Distance restraints 1 (CA-CA)      :       0       0      0   0.000   0.000      0.0000       0.000
10 Distance restraints 2 (N-O)        :       0       0      0   0.000   0.000      0.0000       0.000
11 Mainchain Phi dihedral restraints  :       0       0      0   0.000   0.000      0.0000       0.000
12 Mainchain Psi dihedral restraints  :       0       0      0   0.000   0.000      0.0000       0.000
13 Mainchain Omega dihedral restraints:       0       0      0   0.000   0.000      0.0000       0.000
14 Sidechain Chi_1 dihedral restraints:       0       0      0   0.000   0.000      0.0000       0.000
15 Sidechain Chi_2 dihedral restraints:       0       0      0   0.000   0.000      0.0000       0.000
16 Sidechain Chi_3 dihedral restraints:       0       0      0   0.000   0.000      0.0000       0.000
17 Sidechain Chi_4 dihedral restraints:       0       0      0   0.000   0.000      0.0000       0.000
18 Disulfide distance restraints      :       0       0      0   0.000   0.000      0.0000       0.000
19 Disulfide angle restraints         :       0       0      0   0.000   0.000      0.0000       0.000
20 Disulfide dihedral angle restraints:       0       0      0   0.000   0.000      0.0000       0.000
21 Lower bound distance restraints    :       0       0      0   0.000   0.000      0.0000       0.000
22 Upper bound distance restraints    :       0       0      0   0.000   0.000      0.0000       0.000
23 Distance restraints 3 (SDCH-MNCH)  :       0       0      0   0.000   0.000      0.0000       0.000
24 Sidechain Chi_5 dihedral restraints:       0       0      0   0.000   0.000      0.0000       0.000
25 Phi/Psi pair of dihedral restraints:       0       0      0   0.000   0.000      0.0000       0.000
26 Distance restraints 4 (SDCH-SDCH)  :       0       0      0   0.000   0.000      0.0000       0.000
27 Distance restraints 5 (X-Y)        :       0       0      0   0.000   0.000      0.0000       0.000
28 NMR distance restraints 6 (X-Y)    :       0       0      0   0.000   0.000      0.0000       0.000
29 NMR distance restraints 7 (X-Y)    :       0       0      0   0.000   0.000      0.0000       0.000
30 Minimal distance restraints        :       0       0      0   0.000   0.000      0.0000       0.000
31 Non-bonded restraints              : 3998172       0   8092   6.897   6.897    -0.21980E+06   1.000
32 Atomic accessibility restraints    :       0       0      0   0.000   0.000      0.0000       0.000
33 Atomic density restraints          :       0       0      0   0.000   0.000      0.0000       0.000
34 Absolute position restraints       :       0       0      0   0.000   0.000      0.0000       0.000
35 Dihedral angle difference restraint:       0       0      0   0.000   0.000      0.0000       0.000
36 GBSA implicit solvent potential    :       0       0      0   0.000   0.000      0.0000       0.000
37 EM density fitting potential       :       0       0      0   0.000   0.000      0.0000       0.000
38 SAXS restraints                    :       0       0      0   0.000   0.000      0.0000       0.000
39 Symmetry restraints                :       0       0      0   0.000   0.000      0.0000       0.000
do_prof_492W> Are you sure you want to calculate a normalized energy profile!



openf___224_> Open           Template.profile
# Energy of each residue is written to: Template.profile
# The profile IS normalized by the number of restraints.
# The profiles are smoothed over a window of residues:   13
# The sum of all numbers in the file:     -64.3443

<< end of ENERGY.
DOPE score               : -219797.609375

Dynamically allocated memory at          finish [B,KiB,MiB]:     69805215   68169.156    66.571
Starting time                                            : 2023/05/06 22:30:32
Closing time                                             : 2023/05/06 22:30:39
Total CPU time [seconds]                                 :       7.77
