#################################################################
# If you used AutoDock Vina in your work, please cite:          #
#                                                               #
# O. Trott, A. J. Olson,                                        #
# AutoDock Vina: improving the speed and accuracy of docking    #
# with a new scoring function, efficient optimization and       #
# multithreading, Journal of Computational Chemistry 31 (2010)  #
# 455-461                                                       #
#                                                               #
# DOI 10.1002/jcc.21334                                         #
#                                                               #
# Please see http://vina.scripps.edu for more information.      #
#################################################################

WARNING: The search space volume > 27000 Angstrom^3 (See FAQ)
Output will be CHEMBL1085699_out.pdbqt
Detected 8 CPUs
Reading input ... done.
Setting up the scoring function ... done.
Analyzing the binding site ... done.
Using random seed: -104693500
Performing search ... done.
Refining results ... done.

mode |   affinity | dist from best mode
     | (kcal/mol) | rmsd l.b.| rmsd u.b.
-----+------------+----------+----------
   1        -10.9      0.000      0.000
   2        -10.6      1.970      6.140
   3        -10.1     49.090     51.662
   4        -10.0      2.457      6.273
   5         -9.8     18.848     20.056
   6         -9.7     48.304     51.070
   7         -9.7     49.998     52.247
   8         -9.7     48.637     51.389
   9         -9.7     48.389     51.142
  10         -9.6     87.245     88.362
  11         -9.6     48.955     51.523
  12         -9.6     15.991     17.804
  13         -9.4     31.695     34.544
  14         -9.4     47.686     49.542
  15         -9.4     33.571     35.189
  16         -9.4     15.398     16.662
  17         -9.3     49.612     52.162
  18         -9.3     33.810     37.128
  19         -9.3     46.749     49.481
  20         -9.0     34.892     37.325
Writing output ... done.
