#################################################################
# If you used AutoDock Vina in your work, please cite:          #
#                                                               #
# O. Trott, A. J. Olson,                                        #
# AutoDock Vina: improving the speed and accuracy of docking    #
# with a new scoring function, efficient optimization and       #
# multithreading, Journal of Computational Chemistry 31 (2010)  #
# 455-461                                                       #
#                                                               #
# DOI 10.1002/jcc.21334                                         #
#                                                               #
# Please see http://vina.scripps.edu for more information.      #
#################################################################

WARNING: The search space volume > 27000 Angstrom^3 (See FAQ)
Output will be CHEMBL1201234_out.pdbqt
Detected 8 CPUs
Reading input ... done.
Setting up the scoring function ... done.
Analyzing the binding site ... done.
Using random seed: 1643875739
Performing search ... done.
Refining results ... done.

mode |   affinity | dist from best mode
     | (kcal/mol) | rmsd l.b.| rmsd u.b.
-----+------------+----------+----------
   1         -7.7      0.000      0.000
   2         -7.4      7.069      7.562
   3         -7.4     88.709     89.543
   4         -7.2     77.804     78.899
   5         -7.1      7.417      7.879
   6         -7.1     80.335     80.955
   7         -7.0      7.168      7.816
   8         -7.0     80.239     80.933
   9         -6.9      0.771      2.279
  10         -6.9      7.512      7.908
  11         -6.9     77.773     78.295
  12         -6.9     77.645     78.230
  13         -6.7      5.156      5.652
  14         -6.6      7.063      7.667
  15         -6.6      5.331      5.985
  16         -6.6      6.965      7.737
  17         -6.5     80.236     80.943
  18         -6.4     15.326     16.250
  19         -6.3     79.203     80.272
  20         -6.1     50.849     51.589
Writing output ... done.
