#################################################################
# If you used AutoDock Vina in your work, please cite:          #
#                                                               #
# O. Trott, A. J. Olson,                                        #
# AutoDock Vina: improving the speed and accuracy of docking    #
# with a new scoring function, efficient optimization and       #
# multithreading, Journal of Computational Chemistry 31 (2010)  #
# 455-461                                                       #
#                                                               #
# DOI 10.1002/jcc.21334                                         #
#                                                               #
# Please see http://vina.scripps.edu for more information.      #
#################################################################

WARNING: The search space volume > 27000 Angstrom^3 (See FAQ)
Output will be CHEMBL153983_out.pdbqt
Detected 8 CPUs
Reading input ... done.
Setting up the scoring function ... done.
Analyzing the binding site ... done.
Using random seed: 2107153562
Performing search ... done.
Refining results ... done.

mode |   affinity | dist from best mode
     | (kcal/mol) | rmsd l.b.| rmsd u.b.
-----+------------+----------+----------
   1         -9.3      0.000      0.000
   2         -9.2      2.210      2.708
   3         -9.1      3.180      3.953
   4         -8.7      3.875      6.526
   5         -8.6     31.018     32.390
   6         -8.6     31.526     32.695
   7         -8.5     45.622     48.660
   8         -8.5      2.919      6.451
   9         -8.4      1.469      2.137
  10         -8.4      4.007      4.855
  11         -8.3      5.203      6.205
  12         -8.2     31.708     34.106
  13         -8.2     72.013     73.849
  14         -8.1     28.321     31.087
  15         -8.1     27.238     30.002
  16         -8.1     29.799     32.406
  17         -8.0     29.999     31.973
  18         -7.8     79.726     83.013
  19         -7.7     72.315     73.735
  20         -7.6     41.018     42.236
Writing output ... done.
