#################################################################
# If you used AutoDock Vina in your work, please cite:          #
#                                                               #
# O. Trott, A. J. Olson,                                        #
# AutoDock Vina: improving the speed and accuracy of docking    #
# with a new scoring function, efficient optimization and       #
# multithreading, Journal of Computational Chemistry 31 (2010)  #
# 455-461                                                       #
#                                                               #
# DOI 10.1002/jcc.21334                                         #
#                                                               #
# Please see http://vina.scripps.edu for more information.      #
#################################################################

WARNING: The search space volume > 27000 Angstrom^3 (See FAQ)
Output will be CHEMBL1064_out.pdbqt
Detected 8 CPUs
Reading input ... done.
Setting up the scoring function ... done.
Analyzing the binding site ... done.
Using random seed: -1509959082
Performing search ... done.
Refining results ... done.

mode |   affinity | dist from best mode
     | (kcal/mol) | rmsd l.b.| rmsd u.b.
-----+------------+----------+----------
   1        -10.1      0.000      0.000
   2         -9.3     54.418     57.859
   3         -9.0     29.908     32.270
   4         -8.9     29.695     31.747
   5         -8.9     83.147     87.529
   6         -8.8      2.356      6.250
   7         -8.5     50.440     53.182
   8         -8.5     52.182     57.209
   9         -8.5     90.025     94.793
  10         -8.5     53.105     57.752
  11         -8.4     35.328     38.337
  12         -8.3     38.701     40.923
  13         -8.3     72.364     76.843
  14         -8.3     50.916     54.846
  15         -8.2     84.706     87.983
  16         -8.2     49.443     55.136
  17         -8.1     47.376     50.925
  18         -8.0     68.642     73.326
  19         -8.0     32.433     35.381
  20         -8.0     73.052     76.671
Writing output ... done.
