#################################################################
# If you used AutoDock Vina in your work, please cite:          #
#                                                               #
# O. Trott, A. J. Olson,                                        #
# AutoDock Vina: improving the speed and accuracy of docking    #
# with a new scoring function, efficient optimization and       #
# multithreading, Journal of Computational Chemistry 31 (2010)  #
# 455-461                                                       #
#                                                               #
# DOI 10.1002/jcc.21334                                         #
#                                                               #
# Please see http://vina.scripps.edu for more information.      #
#################################################################

WARNING: The search space volume > 27000 Angstrom^3 (See FAQ)
Output will be CHEMBL1198_out.pdbqt
Detected 8 CPUs
Reading input ... done.
Setting up the scoring function ... done.
Analyzing the binding site ... done.
Using random seed: 673021764
Performing search ... done.
Refining results ... done.

mode |   affinity | dist from best mode
     | (kcal/mol) | rmsd l.b.| rmsd u.b.
-----+------------+----------+----------
   1         -7.4      0.000      0.000
   2         -7.4     70.663     72.427
   3         -7.0     52.831     55.044
   4         -6.9     51.861     53.962
   5         -6.9     48.140     50.299
   6         -6.9     34.981     37.514
   7         -6.8     59.504     62.044
   8         -6.7     54.770     55.592
   9         -6.7     58.734     62.043
  10         -6.7     53.199     56.134
  11         -6.7     33.613     36.303
  12         -6.6     69.458     71.410
  13         -6.6     54.206     56.955
  14         -6.6      2.670      3.167
  15         -6.5     53.214     55.959
  16         -6.5     57.582     60.888
  17         -6.5     58.131     60.047
  18         -6.4      2.570      5.242
  19         -6.4      1.651      2.971
  20         -6.3     58.424     60.858
Writing output ... done.
