#################################################################
# If you used AutoDock Vina in your work, please cite:          #
#                                                               #
# O. Trott, A. J. Olson,                                        #
# AutoDock Vina: improving the speed and accuracy of docking    #
# with a new scoring function, efficient optimization and       #
# multithreading, Journal of Computational Chemistry 31 (2010)  #
# 455-461                                                       #
#                                                               #
# DOI 10.1002/jcc.21334                                         #
#                                                               #
# Please see http://vina.scripps.edu for more information.      #
#################################################################

WARNING: The search space volume > 27000 Angstrom^3 (See FAQ)
Output will be CHEMBL1329455_out.pdbqt
Detected 8 CPUs
Reading input ... done.
Setting up the scoring function ... done.
Analyzing the binding site ... done.
Using random seed: 1093837276
Performing search ... done.
Refining results ... done.

mode |   affinity | dist from best mode
     | (kcal/mol) | rmsd l.b.| rmsd u.b.
-----+------------+----------+----------
   1         -7.1      0.000      0.000
   2         -7.0     20.866     22.549
   3         -6.9     20.264     21.892
   4         -6.8      1.142      4.482
   5         -6.5     30.271     32.212
   6         -6.5     19.308     20.669
   7         -6.5     19.828     21.466
   8         -6.3     89.321     90.251
   9         -6.3     89.623     90.501
  10         -6.3     20.535     21.795
  11         -6.3     26.956     27.938
  12         -6.3     59.028     60.560
  13         -6.2     89.290     89.873
  14         -6.1      2.172      4.822
  15         -6.1     59.164     59.729
  16         -6.1     57.591     59.328
  17         -6.1     14.120     14.841
  18         -6.1     59.393     59.951
  19         -6.0     12.926     14.003
  20         -6.0     57.823     59.115
Writing output ... done.
