#################################################################
# If you used AutoDock Vina in your work, please cite:          #
#                                                               #
# O. Trott, A. J. Olson,                                        #
# AutoDock Vina: improving the speed and accuracy of docking    #
# with a new scoring function, efficient optimization and       #
# multithreading, Journal of Computational Chemistry 31 (2010)  #
# 455-461                                                       #
#                                                               #
# DOI 10.1002/jcc.21334                                         #
#                                                               #
# Please see http://vina.scripps.edu for more information.      #
#################################################################

WARNING: The search space volume > 27000 Angstrom^3 (See FAQ)
Output will be CHEMBL1201260_out.pdbqt
Detected 8 CPUs
Reading input ... done.
Setting up the scoring function ... done.
Analyzing the binding site ... done.
Using random seed: 782603638
Performing search ... done.
Refining results ... done.

mode |   affinity | dist from best mode
     | (kcal/mol) | rmsd l.b.| rmsd u.b.
-----+------------+----------+----------
   1         -9.1      0.000      0.000
   2         -8.8      1.164      1.564
   3         -8.6      2.161      3.237
   4         -8.4     37.405     38.760
   5         -8.1     31.297     32.286
   6         -8.1     30.453     31.419
   7         -8.0     35.127     36.279
   8         -7.8     36.936     38.191
   9         -7.8      0.748      3.068
  10         -7.7     32.412     32.908
  11         -7.7     36.784     37.919
  12         -7.7     34.542     35.037
  13         -7.6      1.776      2.676
  14         -7.6     35.642     36.206
  15         -7.6     30.877     31.878
  16         -7.6     29.319     30.534
  17         -7.5     37.543     38.037
  18         -7.4     37.397     38.331
  19         -7.4     36.297     36.827
  20         -7.3     35.873     36.521
Writing output ... done.
