#################################################################
# If you used AutoDock Vina in your work, please cite:          #
#                                                               #
# O. Trott, A. J. Olson,                                        #
# AutoDock Vina: improving the speed and accuracy of docking    #
# with a new scoring function, efficient optimization and       #
# multithreading, Journal of Computational Chemistry 31 (2010)  #
# 455-461                                                       #
#                                                               #
# DOI 10.1002/jcc.21334                                         #
#                                                               #
# Please see http://vina.scripps.edu for more information.      #
#################################################################

WARNING: The search space volume > 27000 Angstrom^3 (See FAQ)
Output will be CHEMBL1361347_out.pdbqt
Detected 8 CPUs
Reading input ... done.
Setting up the scoring function ... done.
Analyzing the binding site ... done.
Using random seed: 2048526651
Performing search ... done.
Refining results ... done.

mode |   affinity | dist from best mode
     | (kcal/mol) | rmsd l.b.| rmsd u.b.
-----+------------+----------+----------
   1         -9.6      0.000      0.000
   2         -9.5      1.957      2.248
   3         -9.1      3.085      5.803
   4         -8.8     40.793     41.739
   5         -8.7     40.256     41.090
   6         -8.7     41.060     42.435
   7         -8.4     70.492     71.691
   8         -8.4     21.867     22.769
   9         -8.3     39.854     41.173
  10         -8.1     70.380     71.708
  11         -8.1     21.709     22.506
  12         -8.0     21.936     23.188
  13         -7.9     41.236     42.384
  14         -7.8     50.102     51.422
  15         -7.7     24.128     25.405
  16         -7.7     50.071     51.416
  17         -7.6     42.172     43.969
  18         -7.4     82.624     83.817
  19         -7.4     30.703     32.093
  20         -7.4     83.206     84.412
Writing output ... done.
