#################################################################
# If you used AutoDock Vina in your work, please cite:          #
#                                                               #
# O. Trott, A. J. Olson,                                        #
# AutoDock Vina: improving the speed and accuracy of docking    #
# with a new scoring function, efficient optimization and       #
# multithreading, Journal of Computational Chemistry 31 (2010)  #
# 455-461                                                       #
#                                                               #
# DOI 10.1002/jcc.21334                                         #
#                                                               #
# Please see http://vina.scripps.edu for more information.      #
#################################################################

WARNING: The search space volume > 27000 Angstrom^3 (See FAQ)
Output will be CHEMBL152067_out.pdbqt
Detected 8 CPUs
Reading input ... done.
Setting up the scoring function ... done.
Analyzing the binding site ... done.
Using random seed: -876545200
Performing search ... done.
Refining results ... done.

mode |   affinity | dist from best mode
     | (kcal/mol) | rmsd l.b.| rmsd u.b.
-----+------------+----------+----------
   1         -7.7      0.000      0.000
   2         -7.5      1.904      2.424
   3         -7.4     38.463     40.226
   4         -7.3     38.422     40.420
   5         -7.3     41.768     47.030
   6         -7.2     51.411     52.792
   7         -7.2     49.414     51.546
   8         -7.2     38.198     40.278
   9         -7.1      1.938      2.755
  10         -7.1     18.566     22.745
  11         -6.9     46.295     47.837
  12         -6.9     45.962     47.727
  13         -6.9     16.497     19.543
  14         -6.8     37.128     39.104
  15         -6.8     46.530     50.633
  16         -6.8     46.760     50.083
  17         -6.6     47.668     50.205
  18         -6.6     30.227     33.025
  19         -6.6     18.292     20.916
  20         -6.6     16.445     19.732
Writing output ... done.
