#################################################################
# If you used AutoDock Vina in your work, please cite:          #
#                                                               #
# O. Trott, A. J. Olson,                                        #
# AutoDock Vina: improving the speed and accuracy of docking    #
# with a new scoring function, efficient optimization and       #
# multithreading, Journal of Computational Chemistry 31 (2010)  #
# 455-461                                                       #
#                                                               #
# DOI 10.1002/jcc.21334                                         #
#                                                               #
# Please see http://vina.scripps.edu for more information.      #
#################################################################

WARNING: The search space volume > 27000 Angstrom^3 (See FAQ)
Output will be CHEMBL1144_out.pdbqt
Detected 8 CPUs
Reading input ... done.
Setting up the scoring function ... done.
Analyzing the binding site ... done.
Using random seed: -1810848555
Performing search ... done.
Refining results ... done.

mode |   affinity | dist from best mode
     | (kcal/mol) | rmsd l.b.| rmsd u.b.
-----+------------+----------+----------
   1        -11.5      0.000      0.000
   2        -11.4      1.273      3.521
   3        -10.8      0.938      4.054
   4        -10.4      1.609      2.251
   5         -9.8     38.211     39.166
   6         -9.6     38.399     39.176
   7         -9.6     41.391     43.802
   8         -9.5     37.014     39.302
   9         -9.4     38.155     39.407
  10         -9.4     37.406     38.975
  11         -9.3     38.330     39.194
  12         -9.3     41.226     43.181
  13         -9.2     25.184     26.652
  14         -9.1     37.770     39.414
  15         -9.0     76.503     77.852
  16         -9.0     75.467     77.703
  17         -8.9     78.574     80.095
  18         -8.9     38.255     39.425
  19         -8.8     37.142     38.905
  20         -8.8     78.249     80.440
Writing output ... done.
