#################################################################
# If you used AutoDock Vina in your work, please cite:          #
#                                                               #
# O. Trott, A. J. Olson,                                        #
# AutoDock Vina: improving the speed and accuracy of docking    #
# with a new scoring function, efficient optimization and       #
# multithreading, Journal of Computational Chemistry 31 (2010)  #
# 455-461                                                       #
#                                                               #
# DOI 10.1002/jcc.21334                                         #
#                                                               #
# Please see http://vina.scripps.edu for more information.      #
#################################################################

WARNING: The search space volume > 27000 Angstrom^3 (See FAQ)
Output will be CHEMBL1148_out.pdbqt
Detected 8 CPUs
Reading input ... done.
Setting up the scoring function ... done.
Analyzing the binding site ... done.
Using random seed: 350581318
Performing search ... done.
Refining results ... done.

mode |   affinity | dist from best mode
     | (kcal/mol) | rmsd l.b.| rmsd u.b.
-----+------------+----------+----------
   1         -9.5      0.000      0.000
   2         -9.4      1.155      3.775
   3         -9.4      2.052      3.134
   4         -9.1      2.647      4.005
   5         -9.0      1.699      2.150
   6         -8.9      2.430      3.059
   7         -8.6     49.860     51.451
   8         -8.4      2.374      3.255
   9         -8.2      2.255      3.633
  10         -8.1     50.029     51.072
  11         -8.0     48.160     49.262
  12         -7.9     28.470     29.225
  13         -7.9     27.332     28.000
  14         -7.9     37.323     38.545
  15         -7.6     28.129     28.826
  16         -7.6     33.950     35.043
  17         -7.6     25.163     26.012
  18         -7.5     34.019     35.108
  19         -7.5     25.830     26.755
  20         -7.4     35.760     37.057
Writing output ... done.
