#################################################################
# If you used AutoDock Vina in your work, please cite:          #
#                                                               #
# O. Trott, A. J. Olson,                                        #
# AutoDock Vina: improving the speed and accuracy of docking    #
# with a new scoring function, efficient optimization and       #
# multithreading, Journal of Computational Chemistry 31 (2010)  #
# 455-461                                                       #
#                                                               #
# DOI 10.1002/jcc.21334                                         #
#                                                               #
# Please see http://vina.scripps.edu for more information.      #
#################################################################

WARNING: The search space volume > 27000 Angstrom^3 (See FAQ)
Output will be CHEMBL122_out.pdbqt
Detected 8 CPUs
Reading input ... done.
Setting up the scoring function ... done.
Analyzing the binding site ... done.
Using random seed: -261913759
Performing search ... done.
Refining results ... done.

mode |   affinity | dist from best mode
     | (kcal/mol) | rmsd l.b.| rmsd u.b.
-----+------------+----------+----------
   1         -8.8      0.000      0.000
   2         -8.2     14.677     15.722
   3         -8.0     75.059     76.013
   4         -8.0     85.286     86.195
   5         -8.0      1.863      3.433
   6         -7.9     24.056     25.271
   7         -7.7     75.246     76.395
   8         -7.7     26.573     27.969
   9         -7.6     61.968     63.227
  10         -7.5     86.009     87.338
  11         -7.5     79.710     80.656
  12         -7.5     40.653     42.083
  13         -7.5     35.940     37.321
  14         -7.5     58.125     59.683
  15         -7.5     11.956     13.773
  16         -7.4     84.820     86.155
  17         -7.4     18.085     18.725
  18         -7.3     79.563     80.983
  19         -7.2     30.084     31.411
  20         -7.2     26.732     28.113
Writing output ... done.
