#################################################################
# If you used AutoDock Vina in your work, please cite:          #
#                                                               #
# O. Trott, A. J. Olson,                                        #
# AutoDock Vina: improving the speed and accuracy of docking    #
# with a new scoring function, efficient optimization and       #
# multithreading, Journal of Computational Chemistry 31 (2010)  #
# 455-461                                                       #
#                                                               #
# DOI 10.1002/jcc.21334                                         #
#                                                               #
# Please see http://vina.scripps.edu for more information.      #
#################################################################

WARNING: The search space volume > 27000 Angstrom^3 (See FAQ)
Output will be CHEMBL1098659_out.pdbqt
Detected 8 CPUs
Reading input ... done.
Setting up the scoring function ... done.
Analyzing the binding site ... done.
Using random seed: 1489563456
Performing search ... done.
Refining results ... done.

mode |   affinity | dist from best mode
     | (kcal/mol) | rmsd l.b.| rmsd u.b.
-----+------------+----------+----------
   1         -0.8      0.000      0.000
   2         -0.8     69.703     69.703
   3         -0.8     72.523     72.523
   4         -0.8     56.112     56.112
   5         -0.8     47.418     47.418
   6         -0.8     38.333     38.333
   7         -0.7     63.941     63.941
   8         -0.7     35.995     35.995
   9         -0.7     21.725     21.725
  10         -0.7     55.659     55.659
  11         -0.7     44.844     44.844
  12         -0.7     81.289     81.289
  13         -0.7     37.198     37.198
  14         -0.7     64.901     64.901
  15         -0.7     55.141     55.141
  16         -0.7     46.483     46.483
  17         -0.6     58.132     58.132
  18         -0.6     56.283     56.283
  19         -0.6     66.612     66.612
  20         -0.6     56.549     56.549
Writing output ... done.
