#################################################################
# If you used AutoDock Vina in your work, please cite:          #
#                                                               #
# O. Trott, A. J. Olson,                                        #
# AutoDock Vina: improving the speed and accuracy of docking    #
# with a new scoring function, efficient optimization and       #
# multithreading, Journal of Computational Chemistry 31 (2010)  #
# 455-461                                                       #
#                                                               #
# DOI 10.1002/jcc.21334                                         #
#                                                               #
# Please see http://vina.scripps.edu for more information.      #
#################################################################

WARNING: The search space volume > 27000 Angstrom^3 (See FAQ)
Output will be CHEMBL121_out.pdbqt
Detected 8 CPUs
Reading input ... done.
Setting up the scoring function ... done.
Analyzing the binding site ... done.
Using random seed: -1562128311
Performing search ... done.
Refining results ... done.

mode |   affinity | dist from best mode
     | (kcal/mol) | rmsd l.b.| rmsd u.b.
-----+------------+----------+----------
   1         -8.1      0.000      0.000
   2         -8.0      3.082      6.069
   3         -7.7     31.034     31.986
   4         -7.6      8.195     10.078
   5         -7.6      1.997      2.500
   6         -7.5     56.491     57.975
   7         -7.5      1.575      2.507
   8         -7.5      3.426      5.257
   9         -7.3     29.205     30.638
  10         -7.2      1.832      2.152
  11         -7.2     30.525     32.049
  12         -7.2      7.008      8.287
  13         -7.1     54.201     55.579
  14         -7.1      3.009      4.136
  15         -7.0      5.833      6.382
  16         -6.9     78.878     79.697
  17         -6.9     29.343     30.756
  18         -6.8     53.696     54.405
  19         -6.8      4.801      6.355
  20         -6.7     60.401     62.382
Writing output ... done.
