#################################################################
# If you used AutoDock Vina in your work, please cite:          #
#                                                               #
# O. Trott, A. J. Olson,                                        #
# AutoDock Vina: improving the speed and accuracy of docking    #
# with a new scoring function, efficient optimization and       #
# multithreading, Journal of Computational Chemistry 31 (2010)  #
# 455-461                                                       #
#                                                               #
# DOI 10.1002/jcc.21334                                         #
#                                                               #
# Please see http://vina.scripps.edu for more information.      #
#################################################################

WARNING: The search space volume > 27000 Angstrom^3 (See FAQ)
Output will be CHEMBL1463345_out.pdbqt
Detected 8 CPUs
Reading input ... done.
Setting up the scoring function ... done.
Analyzing the binding site ... done.
Using random seed: -786223680
Performing search ... done.
Refining results ... done.

mode |   affinity | dist from best mode
     | (kcal/mol) | rmsd l.b.| rmsd u.b.
-----+------------+----------+----------
   1        -12.5      0.000      0.000
   2        -12.4      1.346      2.556
   3        -12.4      1.625      2.344
   4        -12.2     91.304     92.073
   5        -12.2     96.767     97.479
   6        -11.8    113.148    115.141
   7        -11.8      5.022      7.593
   8        -11.7     18.844     19.166
   9        -11.6    115.347    117.658
  10        -11.6      5.721      7.668
  11        -11.3     27.810     29.695
  12        -11.3     45.257     46.968
  13        -11.3     53.788     55.092
  14        -11.2     52.185     53.538
  15        -11.2     27.387     29.583
  16        -11.2     87.453     90.451
  17        -11.2     97.273    100.814
  18        -11.1     53.712     55.015
  19        -11.0     19.188     19.666
  20        -11.0     27.458     29.782
Writing output ... done.
