#################################################################
# If you used AutoDock Vina in your work, please cite:          #
#                                                               #
# O. Trott, A. J. Olson,                                        #
# AutoDock Vina: improving the speed and accuracy of docking    #
# with a new scoring function, efficient optimization and       #
# multithreading, Journal of Computational Chemistry 31 (2010)  #
# 455-461                                                       #
#                                                               #
# DOI 10.1002/jcc.21334                                         #
#                                                               #
# Please see http://vina.scripps.edu for more information.      #
#################################################################

WARNING: The search space volume > 27000 Angstrom^3 (See FAQ)
Output will be CHEMBL1290_out.pdbqt
Detected 8 CPUs
Reading input ... done.
Setting up the scoring function ... done.
Analyzing the binding site ... done.
Using random seed: 1515968140
Performing search ... done.
Refining results ... done.

mode |   affinity | dist from best mode
     | (kcal/mol) | rmsd l.b.| rmsd u.b.
-----+------------+----------+----------
   1         -9.3      0.000      0.000
   2         -8.6      1.721      3.440
   3         -8.4      2.310      4.060
   4         -8.3      1.914      2.336
   5         -8.0      2.158      3.757
   6         -7.9     15.794     16.671
   7         -7.9      2.423      3.070
   8         -7.8     45.118     46.144
   9         -7.7      4.313      5.999
  10         -7.7     42.427     43.604
  11         -7.6      2.409      3.772
  12         -7.5      3.040      4.542
  13         -7.5     44.687     46.526
  14         -7.5     43.079     44.589
  15         -7.5      3.072      4.793
  16         -7.5     15.784     16.694
  17         -7.5     44.896     46.488
  18         -7.3     39.806     40.695
  19         -7.3     38.571     39.531
  20         -7.2     42.954     44.851
Writing output ... done.
