#################################################################
# If you used AutoDock Vina in your work, please cite:          #
#                                                               #
# O. Trott, A. J. Olson,                                        #
# AutoDock Vina: improving the speed and accuracy of docking    #
# with a new scoring function, efficient optimization and       #
# multithreading, Journal of Computational Chemistry 31 (2010)  #
# 455-461                                                       #
#                                                               #
# DOI 10.1002/jcc.21334                                         #
#                                                               #
# Please see http://vina.scripps.edu for more information.      #
#################################################################

WARNING: The search space volume > 27000 Angstrom^3 (See FAQ)
Output will be CHEMBL134_out.pdbqt
Detected 8 CPUs
Reading input ... done.
Setting up the scoring function ... done.
Analyzing the binding site ... done.
Using random seed: 60348173
Performing search ... done.
Refining results ... done.

mode |   affinity | dist from best mode
     | (kcal/mol) | rmsd l.b.| rmsd u.b.
-----+------------+----------+----------
   1         -7.9      0.000      0.000
   2         -7.7     28.033     28.560
   3         -7.5     56.971     57.536
   4         -7.4     24.433     25.191
   5         -7.1     83.153     84.087
   6         -6.9     84.186     84.904
   7         -6.9     28.036     28.504
   8         -6.9     40.385     41.333
   9         -6.9     41.311     42.015
  10         -6.8     57.533     58.308
  11         -6.7    102.133    102.797
  12         -6.6     51.223     51.867
  13         -6.5     27.262     27.614
  14         -6.5     68.923     69.802
  15         -6.3     24.544     24.899
  16         -6.3     51.452     52.135
  17         -6.2     30.902     31.306
  18         -6.2     26.883     27.367
  19         -6.2     44.444     44.850
  20         -6.1     27.246     27.833
Writing output ... done.
