#################################################################
# If you used AutoDock Vina in your work, please cite:          #
#                                                               #
# O. Trott, A. J. Olson,                                        #
# AutoDock Vina: improving the speed and accuracy of docking    #
# with a new scoring function, efficient optimization and       #
# multithreading, Journal of Computational Chemistry 31 (2010)  #
# 455-461                                                       #
#                                                               #
# DOI 10.1002/jcc.21334                                         #
#                                                               #
# Please see http://vina.scripps.edu for more information.      #
#################################################################

WARNING: The search space volume > 27000 Angstrom^3 (See FAQ)
Output will be CHEMBL1519_out.pdbqt
Detected 8 CPUs
Reading input ... done.
Setting up the scoring function ... done.
Analyzing the binding site ... done.
Using random seed: -2003079393
Performing search ... done.
Refining results ... done.

mode |   affinity | dist from best mode
     | (kcal/mol) | rmsd l.b.| rmsd u.b.
-----+------------+----------+----------
   1        -11.2      0.000      0.000
   2        -10.5      1.810      3.481
   3        -10.4      2.172      3.622
   4        -10.2      2.010      3.469
   5        -10.2      2.029      2.791
   6        -10.0     31.367     32.900
   7         -9.7      1.775      3.497
   8         -9.7     31.431     33.956
   9         -9.6     60.667     61.542
  10         -9.4      1.804      3.404
  11         -9.2     30.628     32.585
  12         -9.1     31.045     32.704
  13         -8.9     55.626     57.061
  14         -8.9     29.247     31.231
  15         -8.9     31.579     34.087
  16         -8.9     59.963     61.343
  17         -8.8      2.571      3.778
  18         -8.7     29.346     31.643
  19         -8.7     32.264     34.379
  20         -8.6     30.453     32.414
Writing output ... done.
