#################################################################
# If you used AutoDock Vina in your work, please cite:          #
#                                                               #
# O. Trott, A. J. Olson,                                        #
# AutoDock Vina: improving the speed and accuracy of docking    #
# with a new scoring function, efficient optimization and       #
# multithreading, Journal of Computational Chemistry 31 (2010)  #
# 455-461                                                       #
#                                                               #
# DOI 10.1002/jcc.21334                                         #
#                                                               #
# Please see http://vina.scripps.edu for more information.      #
#################################################################

WARNING: The search space volume > 27000 Angstrom^3 (See FAQ)
Output will be CHEMBL1055_out.pdbqt
Detected 8 CPUs
Reading input ... done.
Setting up the scoring function ... done.
Analyzing the binding site ... done.
Using random seed: -1642547820
Performing search ... done.
Refining results ... done.

mode |   affinity | dist from best mode
     | (kcal/mol) | rmsd l.b.| rmsd u.b.
-----+------------+----------+----------
   1        -10.5      0.000      0.000
   2         -9.9      1.712      3.319
   3         -9.7     51.293     52.484
   4         -9.7     38.471     39.323
   5         -9.5     31.884     32.667
   6         -9.3     38.299     39.143
   7         -9.0     42.185     43.237
   8         -9.0     98.061     98.706
   9         -8.9     85.860     86.422
  10         -8.8     39.609     40.253
  11         -8.8     38.186     38.933
  12         -8.8     32.990     34.152
  13         -8.7     20.897     21.777
  14         -8.6     53.894     54.836
  15         -8.5     31.104     32.173
  16         -8.5     99.244    100.111
  17         -8.5     97.846     98.662
  18         -8.3     39.674     40.440
  19         -8.3     31.357     32.194
  20         -8.2     40.645     41.554
Writing output ... done.
