#################################################################
# If you used AutoDock Vina in your work, please cite:          #
#                                                               #
# O. Trott, A. J. Olson,                                        #
# AutoDock Vina: improving the speed and accuracy of docking    #
# with a new scoring function, efficient optimization and       #
# multithreading, Journal of Computational Chemistry 31 (2010)  #
# 455-461                                                       #
#                                                               #
# DOI 10.1002/jcc.21334                                         #
#                                                               #
# Please see http://vina.scripps.edu for more information.      #
#################################################################

WARNING: The search space volume > 27000 Angstrom^3 (See FAQ)
Output will be CHEMBL1404_out.pdbqt
Detected 8 CPUs
Reading input ... done.
Setting up the scoring function ... done.
Analyzing the binding site ... done.
Using random seed: 737137670
Performing search ... done.
Refining results ... done.

mode |   affinity | dist from best mode
     | (kcal/mol) | rmsd l.b.| rmsd u.b.
-----+------------+----------+----------
   1         -8.6      0.000      0.000
   2         -8.4     69.108     72.550
   3         -8.1     69.269     72.712
   4         -7.9     35.825     37.150
   5         -7.9     33.813     36.232
   6         -7.5     32.684     34.246
   7         -7.5      5.370      7.150
   8         -7.5     27.963     29.962
   9         -7.4      2.193      3.029
  10         -7.2     34.175     35.951
  11         -7.2     50.436     53.384
  12         -7.2     34.725     36.124
  13         -7.1     56.934     59.441
  14         -7.1     29.001     30.294
  15         -7.1     28.687     30.118
  16         -7.0     79.639     81.418
  17         -6.9     54.154     56.451
  18         -6.9     67.943     69.054
  19         -6.9      8.561     10.426
  20         -6.9      4.135      4.436
Writing output ... done.
